<?xml version="1.0" encoding="UTF-8"?>
<!-- Generated by org.testng.reporters.JUnitReportReporter -->
<testsuite skipped="0" hostname="APL-PG0298XV" name="com.qa.tests.MoisturizersPageTest" tests="1" failures="0" timestamp="2022-05-05T23:13:44 PDT" time="94.244" errors="0">
  <testcase name="verifyAddtoBagLinkTest" time="94.244" classname="com.qa.tests.MoisturizersPageTest"/>
  <system-out/>
</testsuite> <!-- com.qa.tests.MoisturizersPageTest -->
