<?xml version="1.0" encoding="UTF-8"?>
<!-- Generated by org.testng.reporters.JUnitReportReporter -->
<testsuite skipped="0" hostname="APL-PG0298XV" name="com.qa.tests.LoginPageTest" tests="2" failures="0" timestamp="2022-05-05T23:13:44 PDT" time="123.281" errors="0">
  <testcase name="loginPageTitleTest" time="69.706" classname="com.qa.tests.LoginPageTest"/>
  <system-out/>
  <testcase name="loginTest" time="53.575" classname="com.qa.tests.LoginPageTest"/>
  <system-out/>
</testsuite> <!-- com.qa.tests.LoginPageTest -->
