<?xml version="1.0" encoding="UTF-8"?>
<!-- Generated by org.testng.reporters.JUnitReportReporter -->
<testsuite skipped="0" hostname="APL-PG0298XV" name="com.qa.tests.HomePageTest" tests="3" failures="0" timestamp="2022-05-05T23:13:44 PDT" time="356.380" errors="0">
  <testcase name="verifyUserNameTest" time="76.770" classname="com.qa.tests.HomePageTest"/>
  <system-out/>
  <testcase name="featuredItemsSubMenu" time="181.972" classname="com.qa.tests.HomePageTest"/>
  <system-out/>
  <testcase name="OlayOffers" time="97.638" classname="com.qa.tests.HomePageTest"/>
  <system-out/>
</testsuite> <!-- com.qa.tests.HomePageTest -->
