<?xml version="1.0" encoding="UTF-8"?>
<!-- Generated by org.testng.reporters.JUnitReportReporter -->
<testsuite skipped="0" hostname="APL-PG0298XV" name="com.qa.tests.DynamicwebTablePageTest" tests="1" failures="0" timestamp="2022-05-06T21:11:02 PDT" time="33.141" errors="0">
  <testcase name="DynamicWebTable" time="33.141" classname="com.qa.tests.DynamicwebTablePageTest"/>
  <system-out/>
</testsuite> <!-- com.qa.tests.DynamicwebTablePageTest -->
